2019-12-11 09:08:48,047 [INFO] Activator:176 - 


2019-12-11 09:08:48,052 [INFO] Activator:177 - !SESSION log4j initialized
2019-12-17 10:00:17,406 [INFO] Activator:176 - 


2019-12-17 10:00:17,413 [INFO] Activator:177 - !SESSION log4j initialized
2019-12-18 13:23:32,706 [ERROR] LogOutputStream:74 - [STDERR_REDIRECT] Managed Build system manifest file error: Option fr.ac6.managedbuild.option.gnu.cross.mcu.817206806 uses a null category that is invalid in its context. The option was ignored.
2019-12-18 13:23:32,706 [ERROR] LogOutputStream:74 - [STDERR_REDIRECT] Managed Build system manifest file error: Option fr.ac6.managedbuild.option.gnu.cross.fpu.1635193534 uses a null category that is invalid in its context. The option was ignored.
2019-12-18 13:23:32,716 [ERROR] LogOutputStream:74 - [STDERR_REDIRECT] Managed Build system manifest file error: Option fr.ac6.managedbuild.option.gnu.cross.floatabi.2929656 uses a null category that is invalid in its context. The option was ignored.
2019-12-18 13:23:32,716 [ERROR] LogOutputStream:74 - [STDERR_REDIRECT] Managed Build system manifest file error: Option fr.ac6.managedbuild.option.gnu.cross.board.2050275476 uses a null category that is invalid in its context. The option was ignored.
2019-12-18 13:23:32,736 [ERROR] LogOutputStream:74 - [STDERR_REDIRECT] Managed Build system manifest file error: Option fr.ac6.managedbuild.option.gnu.cross.mcu.388704396 uses a null category that is invalid in its context. The option was ignored.
2019-12-18 13:23:32,736 [ERROR] LogOutputStream:74 - [STDERR_REDIRECT] Managed Build system manifest file error: Option fr.ac6.managedbuild.option.gnu.cross.fpu.1101593715 uses a null category that is invalid in its context. The option was ignored.
2019-12-18 13:23:32,736 [ERROR] LogOutputStream:74 - [STDERR_REDIRECT] Managed Build system manifest file error: Option fr.ac6.managedbuild.option.gnu.cross.floatabi.1183640217 uses a null category that is invalid in its context. The option was ignored.
2019-12-18 13:23:32,736 [ERROR] LogOutputStream:74 - [STDERR_REDIRECT] Managed Build system manifest file error: Option fr.ac6.managedbuild.option.gnu.cross.board.1793688279 uses a null category that is invalid in its context. The option was ignored.
2019-12-18 13:23:32,766 [ERROR] LogOutputStream:74 - [STDERR_REDIRECT] Managed Build system manifest file error: Option fr.ac6.managedbuild.option.gnu.cross.mcu.817206806 uses a null category that is invalid in its context. The option was ignored.
2019-12-18 13:23:32,766 [ERROR] LogOutputStream:74 - [STDERR_REDIRECT] Managed Build system manifest file error: Option fr.ac6.managedbuild.option.gnu.cross.fpu.1635193534 uses a null category that is invalid in its context. The option was ignored.
2019-12-18 13:23:32,776 [ERROR] LogOutputStream:74 - [STDERR_REDIRECT] Managed Build system manifest file error: Option fr.ac6.managedbuild.option.gnu.cross.floatabi.2929656 uses a null category that is invalid in its context. The option was ignored.
2019-12-18 13:23:32,776 [ERROR] LogOutputStream:74 - [STDERR_REDIRECT] Managed Build system manifest file error: Option fr.ac6.managedbuild.option.gnu.cross.board.2050275476 uses a null category that is invalid in its context. The option was ignored.
2019-12-18 13:23:32,786 [ERROR] LogOutputStream:74 - [STDERR_REDIRECT] Managed Build system manifest file error: Option fr.ac6.managedbuild.option.gnu.cross.mcu.388704396 uses a null category that is invalid in its context. The option was ignored.
2019-12-18 13:23:32,796 [ERROR] LogOutputStream:74 - [STDERR_REDIRECT] Managed Build system manifest file error: Option fr.ac6.managedbuild.option.gnu.cross.fpu.1101593715 uses a null category that is invalid in its context. The option was ignored.
2019-12-18 13:23:32,812 [ERROR] LogOutputStream:74 - [STDERR_REDIRECT] Managed Build system manifest file error: Option fr.ac6.managedbuild.option.gnu.cross.floatabi.1183640217 uses a null category that is invalid in its context. The option was ignored.
2019-12-18 13:23:32,826 [ERROR] LogOutputStream:74 - [STDERR_REDIRECT] Managed Build system manifest file error: Option fr.ac6.managedbuild.option.gnu.cross.board.1793688279 uses a null category that is invalid in its context. The option was ignored.
2019-12-18 19:02:13,771 [INFO] Activator:176 - 


2019-12-18 19:02:13,776 [INFO] Activator:177 - !SESSION log4j initialized
2019-12-18 19:28:02,955 [INFO] Activator:176 - 


2019-12-18 19:28:02,959 [INFO] Activator:177 - !SESSION log4j initialized
